<?xml version="1.0" encoding="UTF-8"?>
<!-- Generated by org.testng.reporters.JUnitReportReporter -->
<testsuite hostname="Godsways-MBP" failures="0" tests="1" name="tests.ValidCredential" time="38.980" errors="0" timestamp="2023-09-18T23:19:58 GMT" skipped="0">
  <testcase classname="tests.ValidCredential" name="validEmailAndvalidPassword" time="38.980"/>
  <system-out/>
</testsuite> <!-- tests.ValidCredential -->
