<?xml version="1.0" encoding="UTF-8"?>
<!-- Generated by org.testng.reporters.JUnitReportReporter -->
<testsuite hostname="Godsways-MBP" failures="0" tests="6" name="tests.TestInvalidCredentials" time="103.053" errors="0" timestamp="2023-09-18T23:15:45 GMT" skipped="0">
  <testcase classname="tests.TestInvalidCredentials" name="noEmailNoPassword" time="5.493"/>
  <system-out/>
  <testcase classname="tests.TestInvalidCredentials" name="invalidEmailValidPassword" time="21.920"/>
  <system-out/>
  <testcase classname="tests.TestInvalidCredentials" name="noEmailValidPassword" time="10.465"/>
  <system-out/>
  <testcase classname="tests.TestInvalidCredentials" name="invalidEmailInvalidPassword" time="24.756"/>
  <system-out/>
  <testcase classname="tests.TestInvalidCredentials" name="validEmailInvalidPassword" time="32.466"/>
  <system-out/>
  <testcase classname="tests.TestInvalidCredentials" name="noPasswordValidEmail" time="7.953"/>
  <system-out/>
</testsuite> <!-- tests.TestInvalidCredentials -->
