<?xml version="1.0" encoding="UTF-8"?>
<!-- Generated by org.testng.reporters.JUnitReportReporter -->
<testsuite hostname="Godsways-MBP" failures="0" tests="6" name="tests.InvalidCredentials" time="93.269" errors="0" timestamp="2023-09-13T23:57:53 GMT" skipped="0">
  <testcase classname="tests.InvalidCredentials" name="invalidEmailInvalidPassword" time="21.111"/>
  <system-out/>
  <testcase classname="tests.InvalidCredentials" name="invalidEmailvalidPassword" time="19.557"/>
  <system-out/>
  <testcase classname="tests.InvalidCredentials" name="noEmailNoPassword" time="7.003"/>
  <system-out/>
  <testcase classname="tests.InvalidCredentials" name="noEmailValidPassword" time="6.922"/>
  <system-out/>
  <testcase classname="tests.InvalidCredentials" name="noPasswordValidEmail" time="6.992"/>
  <system-out/>
  <testcase classname="tests.InvalidCredentials" name="validEmailInvalidPassword" time="31.684"/>
  <system-out/>
</testsuite> <!-- tests.InvalidCredentials -->
