<?xml version="1.0" encoding="UTF-8"?>
<!-- Generated by org.testng.reporters.JUnitReportReporter -->
<testsuite hostname="Godsways-MBP" failures="0" tests="1" name="tests.TestLoginPage" time="36.736" errors="0" timestamp="2023-09-18T23:21:42 GMT" skipped="0">
  <testcase classname="tests.TestLoginPage" name="validEmailAndValidPassword" time="36.736"/>
  <system-out/>
</testsuite> <!-- tests.TestLoginPage -->
